Date          : June 2, 2007, 3:55:44 pm
Server        : porfirio.no-ip.org
Error No      : 8
On file       : D:\ xampp\ htdocs\ OpenWebMS\ OpenWebMS\ WebMS.php
On line       : 435
Error         : Undefined variable: contents
IP            : 213.13.239.200
Host          : frutaria
Method        : GET
$_REQUEST     :
           PHPSESSID => 2f7c1fb975d6d60216a73bef1cd5059e
 
 
Date          : June 2, 2007, 3:55:44 pm
Server        : porfirio.no-ip.org
Error No      : 8
On file       : D:\ xampp\ htdocs\ OpenWebMS\ OpenWebMS\ WebMS.php
On line       : 371
Error         : Undefined variable: modl
IP            : 213.13.239.200
Host          : frutaria
Method        : GET
$_REQUEST     :
           PHPSESSID => 2f7c1fb975d6d60216a73bef1cd5059e
 
 
Date          : June 2, 2007, 3:55:44 pm
Server        : porfirio.no-ip.org
Error No      : 8
On file       : D:\ xampp\ htdocs\ OpenWebMS\ OpenWebMS\ WebMS.php
On line       : 371
Error         : Trying to get property of non-object
IP            : 213.13.239.200
Host          : frutaria
Method        : GET
$_REQUEST     :
           PHPSESSID => 2f7c1fb975d6d60216a73bef1cd5059e
 
 
Date          : June 2, 2007, 3:55:44 pm
Server        : porfirio.no-ip.org
Error No      : 8
On file       : D:\ xampp\ htdocs\ OpenWebMS\ OpenWebMS\ WebMS.php
On line       : 371
Error         : Undefined variable: modl
IP            : 213.13.239.200
Host          : frutaria
Method        : GET
$_REQUEST     :
           PHPSESSID => 2f7c1fb975d6d60216a73bef1cd5059e
 
 
Date          : June 2, 2007, 3:55:44 pm
Server        : porfirio.no-ip.org
Error No      : 8
On file       : D:\ xampp\ htdocs\ OpenWebMS\ OpenWebMS\ WebMS.php
On line       : 371
Error         : Trying to get property of non-object
IP            : 213.13.239.200
Host          : frutaria
Method        : GET
$_REQUEST     :
           PHPSESSID => 2f7c1fb975d6d60216a73bef1cd5059e
 
 
Date          : June 2, 2007, 3:55:44 pm
Server        : porfirio.no-ip.org
Error No      : 2048
On file       : D:\ xampp\ htdocs\ OpenWebMS\ OpenWebMS\ WebMS.php
On line       : 373
Error         : Creating default object from empty value
IP            : 213.13.239.200
Host          : frutaria
Method        : GET
$_REQUEST     :
           PHPSESSID => 2f7c1fb975d6d60216a73bef1cd5059e
 
 
Date          : June 2, 2007, 3:55:44 pm
Server        : porfirio.no-ip.org
Error No      : 8
On file       : D:\ xampp\ htdocs\ OpenWebMS\ OpenWebMS\ WebMS.php
On line       : 371
Error         : Undefined variable: modl
IP            : 213.13.239.200
Host          : frutaria
Method        : GET
$_REQUEST     :
           PHPSESSID => 2f7c1fb975d6d60216a73bef1cd5059e
 
 
Date          : June 2, 2007, 3:55:44 pm
Server        : porfirio.no-ip.org
Error No      : 8
On file       : D:\ xampp\ htdocs\ OpenWebMS\ OpenWebMS\ WebMS.php
On line       : 371
Error         : Trying to get property of non-object
IP            : 213.13.239.200
Host          : frutaria
Method        : GET
$_REQUEST     :
           PHPSESSID => 2f7c1fb975d6d60216a73bef1cd5059e
 
 
Date          : June 2, 2007, 3:55:44 pm
Server        : porfirio.no-ip.org
Error No      : 8
On file       : D:\ xampp\ htdocs\ OpenWebMS\ OpenWebMS\ WebMS.php
On line       : 371
Error         : Undefined variable: modl
IP            : 213.13.239.200
Host          : frutaria
Method        : GET
$_REQUEST     :
           PHPSESSID => 2f7c1fb975d6d60216a73bef1cd5059e
 
 
Date          : June 2, 2007, 3:55:44 pm
Server        : porfirio.no-ip.org
Error No      : 8
On file       : D:\ xampp\ htdocs\ OpenWebMS\ OpenWebMS\ WebMS.php
On line       : 371
Error         : Trying to get property of non-object
IP            : 213.13.239.200
Host          : frutaria
Method        : GET
$_REQUEST     :
           PHPSESSID => 2f7c1fb975d6d60216a73bef1cd5059e
 
 
Date          : June 2, 2007, 3:58:55 pm
Server        : porfirio.no-ip.org
Error No      : 8
On file       : D:\ xampp\ htdocs\ OpenWebMS\ OpenWebMS\ WebMS.php
On line       : 435
Error         : Undefined variable: contents
IP            : 213.13.239.200
Host          : frutaria
Method        : GET
$_REQUEST     :
           PHPSESSID => 2f7c1fb975d6d60216a73bef1cd5059e
 
 
Date          : June 2, 2007, 3:58:55 pm
Server        : porfirio.no-ip.org
Error No      : 8
On file       : D:\ xampp\ htdocs\ OpenWebMS\ OpenWebMS\ WebMS.php
On line       : 371
Error         : Undefined variable: modl
IP            : 213.13.239.200
Host          : frutaria
Method        : GET
$_REQUEST     :
           PHPSESSID => 2f7c1fb975d6d60216a73bef1cd5059e
 
 
Date          : June 2, 2007, 3:58:55 pm
Server        : porfirio.no-ip.org
Error No      : 8
On file       : D:\ xampp\ htdocs\ OpenWebMS\ OpenWebMS\ WebMS.php
On line       : 371
Error         : Trying to get property of non-object
IP            : 213.13.239.200
Host          : frutaria
Method        : GET
$_REQUEST     :
           PHPSESSID => 2f7c1fb975d6d60216a73bef1cd5059e
 
 
Date          : June 2, 2007, 3:58:55 pm
Server        : porfirio.no-ip.org
Error No      : 8
On file       : D:\ xampp\ htdocs\ OpenWebMS\ OpenWebMS\ WebMS.php
On line       : 371
Error         : Undefined variable: modl
IP            : 213.13.239.200
Host          : frutaria
Method        : GET
$_REQUEST     :
           PHPSESSID => 2f7c1fb975d6d60216a73bef1cd5059e
 
 
Date          : June 2, 2007, 3:58:55 pm
Server        : porfirio.no-ip.org
Error No      : 8
On file       : D:\ xampp\ htdocs\ OpenWebMS\ OpenWebMS\ WebMS.php
On line       : 371
Error         : Trying to get property of non-object
IP            : 213.13.239.200
Host          : frutaria
Method        : GET
$_REQUEST     :
           PHPSESSID => 2f7c1fb975d6d60216a73bef1cd5059e
 
 
Date          : June 2, 2007, 3:58:55 pm
Server        : porfirio.no-ip.org
Error No      : 2048
On file       : D:\ xampp\ htdocs\ OpenWebMS\ OpenWebMS\ WebMS.php
On line       : 373
Error         : Creating default object from empty value
IP            : 213.13.239.200
Host          : frutaria
Method        : GET
$_REQUEST     :
           PHPSESSID => 2f7c1fb975d6d60216a73bef1cd5059e
 
 
Date          : June 2, 2007, 3:58:55 pm
Server        : porfirio.no-ip.org
Error No      : 8
On file       : D:\ xampp\ htdocs\ OpenWebMS\ OpenWebMS\ WebMS.php
On line       : 371
Error         : Undefined variable: modl
IP            : 213.13.239.200
Host          : frutaria
Method        : GET
$_REQUEST     :
           PHPSESSID => 2f7c1fb975d6d60216a73bef1cd5059e
 
 
Date          : June 2, 2007, 3:58:55 pm
Server        : porfirio.no-ip.org
Error No      : 8
On file       : D:\ xampp\ htdocs\ OpenWebMS\ OpenWebMS\ WebMS.php
On line       : 371
Error         : Trying to get property of non-object
IP            : 213.13.239.200
Host          : frutaria
Method        : GET
$_REQUEST     :
           PHPSESSID => 2f7c1fb975d6d60216a73bef1cd5059e
 
 
Date          : June 2, 2007, 3:58:55 pm
Server        : porfirio.no-ip.org
Error No      : 8
On file       : D:\ xampp\ htdocs\ OpenWebMS\ OpenWebMS\ WebMS.php
On line       : 371
Error         : Undefined variable: modl
IP            : 213.13.239.200
Host          : frutaria
Method        : GET
$_REQUEST     :
           PHPSESSID => 2f7c1fb975d6d60216a73bef1cd5059e
 
 
Date          : June 2, 2007, 3:58:55 pm
Server        : porfirio.no-ip.org
Error No      : 8
On file       : D:\ xampp\ htdocs\ OpenWebMS\ OpenWebMS\ WebMS.php
On line       : 371
Error         : Trying to get property of non-object
IP            : 213.13.239.200
Host          : frutaria
Method        : GET
$_REQUEST     :
           PHPSESSID => 2f7c1fb975d6d60216a73bef1cd5059e
 
 
Date          : June 2, 2007, 3:59:31 pm
Server        : porfirio.no-ip.org
Error No      : 8
On file       : D:\ xampp\ htdocs\ OpenWebMS\ OpenWebMS\ WebMS.php
On line       : 435
Error         : Undefined variable: contents
IP            : 213.13.239.200
Host          : frutaria
Method        : GET
$_REQUEST     :
           PHPSESSID => 2f7c1fb975d6d60216a73bef1cd5059e
 
 
Date          : June 2, 2007, 3:59:31 pm
Server        : porfirio.no-ip.org
Error No      : 8
On file       : D:\ xampp\ htdocs\ OpenWebMS\ OpenWebMS\ WebMS.php
On line       : 371
Error         : Undefined variable: modl
IP            : 213.13.239.200
Host          : frutaria
Method        : GET
$_REQUEST     :
           PHPSESSID => 2f7c1fb975d6d60216a73bef1cd5059e
 
 
Date          : June 2, 2007, 3:59:31 pm
Server        : porfirio.no-ip.org
Error No      : 8
On file       : D:\ xampp\ htdocs\ OpenWebMS\ OpenWebMS\ WebMS.php
On line       : 371
Error         : Trying to get property of non-object
IP            : 213.13.239.200
Host          : frutaria
Method        : GET
$_REQUEST     :
           PHPSESSID => 2f7c1fb975d6d60216a73bef1cd5059e
 
 
Date          : June 2, 2007, 3:59:31 pm
Server        : porfirio.no-ip.org
Error No      : 8
On file       : D:\ xampp\ htdocs\ OpenWebMS\ OpenWebMS\ WebMS.php
On line       : 371
Error         : Undefined variable: modl
IP            : 213.13.239.200
Host          : frutaria
Method        : GET
$_REQUEST     :
           PHPSESSID => 2f7c1fb975d6d60216a73bef1cd5059e
 
 
Date          : June 2, 2007, 3:59:31 pm
Server        : porfirio.no-ip.org
Error No      : 8
On file       : D:\ xampp\ htdocs\ OpenWebMS\ OpenWebMS\ WebMS.php
On line       : 371
Error         : Trying to get property of non-object
IP            : 213.13.239.200
Host          : frutaria
Method        : GET
$_REQUEST     :
           PHPSESSID => 2f7c1fb975d6d60216a73bef1cd5059e
 
 
Date          : June 2, 2007, 3:59:31 pm
Server        : porfirio.no-ip.org
Error No      : 2048
On file       : D:\ xampp\ htdocs\ OpenWebMS\ OpenWebMS\ WebMS.php
On line       : 373
Error         : Creating default object from empty value
IP            : 213.13.239.200
Host          : frutaria
Method        : GET
$_REQUEST     :
           PHPSESSID => 2f7c1fb975d6d60216a73bef1cd5059e
 
 
Date          : June 2, 2007, 3:59:31 pm
Server        : porfirio.no-ip.org
Error No      : 8
On file       : D:\ xampp\ htdocs\ OpenWebMS\ OpenWebMS\ WebMS.php
On line       : 371
Error         : Undefined variable: modl
IP            : 213.13.239.200
Host          : frutaria
Method        : GET
$_REQUEST     :
           PHPSESSID => 2f7c1fb975d6d60216a73bef1cd5059e
 
 
Date          : June 2, 2007, 3:59:31 pm
Server        : porfirio.no-ip.org
Error No      : 8
On file       : D:\ xampp\ htdocs\ OpenWebMS\ OpenWebMS\ WebMS.php
On line       : 371
Error         : Trying to get property of non-object
IP            : 213.13.239.200
Host          : frutaria
Method        : GET
$_REQUEST     :
           PHPSESSID => 2f7c1fb975d6d60216a73bef1cd5059e
 
 
Date          : June 2, 2007, 3:59:31 pm
Server        : porfirio.no-ip.org
Error No      : 8
On file       : D:\ xampp\ htdocs\ OpenWebMS\ OpenWebMS\ WebMS.php
On line       : 371
Error         : Undefined variable: modl
IP            : 213.13.239.200
Host          : frutaria
Method        : GET
$_REQUEST     :
           PHPSESSID => 2f7c1fb975d6d60216a73bef1cd5059e
 
 
Date          : June 2, 2007, 3:59:31 pm
Server        : porfirio.no-ip.org
Error No      : 8
On file       : D:\ xampp\ htdocs\ OpenWebMS\ OpenWebMS\ WebMS.php
On line       : 371
Error         : Trying to get property of non-object
IP            : 213.13.239.200
Host          : frutaria
Method        : GET
$_REQUEST     :
           PHPSESSID => 2f7c1fb975d6d60216a73bef1cd5059e
 
 
Date          : June 2, 2007, 4:00:18 pm
Server        : porfirio.no-ip.org
Error No      : 8
On file       : D:\ xampp\ htdocs\ OpenWebMS\ OpenWebMS\ WebMS.php
On line       : 435
Error         : Undefined variable: contents
IP            : 213.13.239.200
Host          : frutaria
Method        : GET
$_REQUEST     :
           PHPSESSID => 2f7c1fb975d6d60216a73bef1cd5059e
 
 
Date          : June 2, 2007, 4:00:18 pm
Server        : porfirio.no-ip.org
Error No      : 8
On file       : D:\ xampp\ htdocs\ OpenWebMS\ OpenWebMS\ WebMS.php
On line       : 371
Error         : Undefined variable: modl
IP            : 213.13.239.200
Host          : frutaria
Method        : GET
$_REQUEST     :
           PHPSESSID => 2f7c1fb975d6d60216a73bef1cd5059e
 
 
Date          : June 2, 2007, 4:00:18 pm
Server        : porfirio.no-ip.org
Error No      : 8
On file       : D:\ xampp\ htdocs\ OpenWebMS\ OpenWebMS\ WebMS.php
On line       : 371
Error         : Trying to get property of non-object
IP            : 213.13.239.200
Host          : frutaria
Method        : GET
$_REQUEST     :
           PHPSESSID => 2f7c1fb975d6d60216a73bef1cd5059e
 
 
Date          : June 2, 2007, 4:00:18 pm
Server        : porfirio.no-ip.org
Error No      : 8
On file       : D:\ xampp\ htdocs\ OpenWebMS\ OpenWebMS\ WebMS.php
On line       : 371
Error         : Undefined variable: modl
IP            : 213.13.239.200
Host          : frutaria
Method        : GET
$_REQUEST     :
           PHPSESSID => 2f7c1fb975d6d60216a73bef1cd5059e
 
 
Date          : June 2, 2007, 4:00:18 pm
Server        : porfirio.no-ip.org
Error No      : 8
On file       : D:\ xampp\ htdocs\ OpenWebMS\ OpenWebMS\ WebMS.php
On line       : 371
Error         : Trying to get property of non-object
IP            : 213.13.239.200
Host          : frutaria
Method        : GET
$_REQUEST     :
           PHPSESSID => 2f7c1fb975d6d60216a73bef1cd5059e
 
 
Date          : June 2, 2007, 4:00:18 pm
Server        : porfirio.no-ip.org
Error No      : 2048
On file       : D:\ xampp\ htdocs\ OpenWebMS\ OpenWebMS\ WebMS.php
On line       : 373
Error         : Creating default object from empty value
IP            : 213.13.239.200
Host          : frutaria
Method        : GET
$_REQUEST     :
           PHPSESSID => 2f7c1fb975d6d60216a73bef1cd5059e
 
 
Date          : June 2, 2007, 4:00:19 pm
Server        : porfirio.no-ip.org
Error No      : 8
On file       : D:\ xampp\ htdocs\ OpenWebMS\ OpenWebMS\ WebMS.php
On line       : 435
Error         : Undefined variable: contents
IP            : 213.13.239.200
Host          : frutaria
Method        : GET
$_REQUEST     :
           PHPSESSID => 2f7c1fb975d6d60216a73bef1cd5059e
 
 
Date          : June 2, 2007, 4:00:19 pm
Server        : porfirio.no-ip.org
Error No      : 8
On file       : D:\ xampp\ htdocs\ OpenWebMS\ OpenWebMS\ WebMS.php
On line       : 371
Error         : Undefined variable: modl
IP            : 213.13.239.200
Host          : frutaria
Method        : GET
$_REQUEST     :
           PHPSESSID => 2f7c1fb975d6d60216a73bef1cd5059e
 
 
Date          : June 2, 2007, 4:00:19 pm
Server        : porfirio.no-ip.org
Error No      : 8
On file       : D:\ xampp\ htdocs\ OpenWebMS\ OpenWebMS\ WebMS.php
On line       : 371
Error         : Trying to get property of non-object
IP            : 213.13.239.200
Host          : frutaria
Method        : GET
$_REQUEST     :
           PHPSESSID => 2f7c1fb975d6d60216a73bef1cd5059e
 
 
Date          : June 2, 2007, 4:00:19 pm
Server        : porfirio.no-ip.org
Error No      : 8
On file       : D:\ xampp\ htdocs\ OpenWebMS\ OpenWebMS\ WebMS.php
On line       : 371
Error         : Undefined variable: modl
IP            : 213.13.239.200
Host          : frutaria
Method        : GET
$_REQUEST     :
           PHPSESSID => 2f7c1fb975d6d60216a73bef1cd5059e
 
 
Date          : June 2, 2007, 4:00:19 pm
Server        : porfirio.no-ip.org
Error No      : 8
On file       : D:\ xampp\ htdocs\ OpenWebMS\ OpenWebMS\ WebMS.php
On line       : 371
Error         : Trying to get property of non-object
IP            : 213.13.239.200
Host          : frutaria
Method        : GET
$_REQUEST     :
           PHPSESSID => 2f7c1fb975d6d60216a73bef1cd5059e
 
 
Date          : June 2, 2007, 4:00:19 pm
Server        : porfirio.no-ip.org
Error No      : 2048
On file       : D:\ xampp\ htdocs\ OpenWebMS\ OpenWebMS\ WebMS.php
On line       : 373
Error         : Creating default object from empty value
IP            : 213.13.239.200
Host          : frutaria
Method        : GET
$_REQUEST     :
           PHPSESSID => 2f7c1fb975d6d60216a73bef1cd5059e
 
 
Date          : June 2, 2007, 4:00:44 pm
Server        : porfirio.no-ip.org
Error No      : 8
On file       : D:\ xampp\ htdocs\ OpenWebMS\ OpenWebMS\ WebMS.php
On line       : 371
Error         : Undefined variable: modl
IP            : 213.13.239.200
Host          : frutaria
Method        : GET
$_REQUEST     :
           PHPSESSID => 2f7c1fb975d6d60216a73bef1cd5059e
 
 
Date          : June 2, 2007, 4:00:44 pm
Server        : porfirio.no-ip.org
Error No      : 8
On file       : D:\ xampp\ htdocs\ OpenWebMS\ OpenWebMS\ WebMS.php
On line       : 371
Error         : Trying to get property of non-object
IP            : 213.13.239.200
Host          : frutaria
Method        : GET
$_REQUEST     :
           PHPSESSID => 2f7c1fb975d6d60216a73bef1cd5059e
 
 
Date          : June 2, 2007, 4:00:44 pm
Server        : porfirio.no-ip.org
Error No      : 8
On file       : D:\ xampp\ htdocs\ OpenWebMS\ OpenWebMS\ WebMS.php
On line       : 371
Error         : Undefined variable: modl
IP            : 213.13.239.200
Host          : frutaria
Method        : GET
$_REQUEST     :
           PHPSESSID => 2f7c1fb975d6d60216a73bef1cd5059e
 
 
Date          : June 2, 2007, 4:00:44 pm
Server        : porfirio.no-ip.org
Error No      : 8
On file       : D:\ xampp\ htdocs\ OpenWebMS\ OpenWebMS\ WebMS.php
On line       : 371
Error         : Trying to get property of non-object
IP            : 213.13.239.200
Host          : frutaria
Method        : GET
$_REQUEST     :
           PHPSESSID => 2f7c1fb975d6d60216a73bef1cd5059e
 
 
Date          : June 2, 2007, 4:00:44 pm
Server        : porfirio.no-ip.org
Error No      : 2048
On file       : D:\ xampp\ htdocs\ OpenWebMS\ OpenWebMS\ WebMS.php
On line       : 373
Error         : Creating default object from empty value
IP            : 213.13.239.200
Host          : frutaria
Method        : GET
$_REQUEST     :
           PHPSESSID => 2f7c1fb975d6d60216a73bef1cd5059e
 
 
Date          : June 2, 2007, 4:02:53 pm
Server        : porfirio.no-ip.org
Error No      : 8
On file       : D:\ xampp\ htdocs\ OpenWebMS\ OpenWebMS\ WebMS.php
On line       : 102
Error         : Undefined variable: WebMS
IP            : 213.13.239.200
Host          : frutaria
Method        : GET
$_REQUEST     :
           PHPSESSID => 2f7c1fb975d6d60216a73bef1cd5059e
 
 
Date          : June 2, 2007, 4:02:53 pm
Server        : porfirio.no-ip.org
Error No      : 8
On file       : D:\ xampp\ htdocs\ OpenWebMS\ OpenWebMS\ WebMS.php
On line       : 103
Error         : Undefined variable: WebMS
IP            : 213.13.239.200
Host          : frutaria
Method        : GET
$_REQUEST     :
           PHPSESSID => 2f7c1fb975d6d60216a73bef1cd5059e
 
 
Date          : June 2, 2007, 4:02:53 pm
Server        : porfirio.no-ip.org
Error No      : 8
On file       : D:\ xampp\ htdocs\ OpenWebMS\ OpenWebMS\ WebMS.php
On line       : 372
Error         : Undefined variable: modl
IP            : 213.13.239.200
Host          : frutaria
Method        : GET
$_REQUEST     :
           PHPSESSID => 2f7c1fb975d6d60216a73bef1cd5059e
 
 
Date          : June 2, 2007, 4:02:53 pm
Server        : porfirio.no-ip.org
Error No      : 8
On file       : D:\ xampp\ htdocs\ OpenWebMS\ OpenWebMS\ WebMS.php
On line       : 372
Error         : Trying to get property of non-object
IP            : 213.13.239.200
Host          : frutaria
Method        : GET
$_REQUEST     :
           PHPSESSID => 2f7c1fb975d6d60216a73bef1cd5059e
 
 
Date          : June 2, 2007, 4:02:53 pm
Server        : porfirio.no-ip.org
Error No      : 8
On file       : D:\ xampp\ htdocs\ OpenWebMS\ OpenWebMS\ WebMS.php
On line       : 372
Error         : Undefined variable: modl
IP            : 213.13.239.200
Host          : frutaria
Method        : GET
$_REQUEST     :
           PHPSESSID => 2f7c1fb975d6d60216a73bef1cd5059e
 
 
Date          : June 2, 2007, 4:02:53 pm
Server        : porfirio.no-ip.org
Error No      : 8
On file       : D:\ xampp\ htdocs\ OpenWebMS\ OpenWebMS\ WebMS.php
On line       : 372
Error         : Trying to get property of non-object
IP            : 213.13.239.200
Host          : frutaria
Method        : GET
$_REQUEST     :
           PHPSESSID => 2f7c1fb975d6d60216a73bef1cd5059e
 
 
Date          : June 2, 2007, 4:02:53 pm
Server        : porfirio.no-ip.org
Error No      : 2048
On file       : D:\ xampp\ htdocs\ OpenWebMS\ OpenWebMS\ WebMS.php
On line       : 374
Error         : Creating default object from empty value
IP            : 213.13.239.200
Host          : frutaria
Method        : GET
$_REQUEST     :
           PHPSESSID => 2f7c1fb975d6d60216a73bef1cd5059e
 
 
Date          : June 2, 2007, 4:02:53 pm
Server        : porfirio.no-ip.org
Error No      : 8
On file       : D:\ xampp\ htdocs\ OpenWebMS\ OpenWebMS\ WebMS.php
On line       : 372
Error         : Undefined variable: modl
IP            : 213.13.239.200
Host          : frutaria
Method        : GET
$_REQUEST     :
           PHPSESSID => 2f7c1fb975d6d60216a73bef1cd5059e
 
 
Date          : June 2, 2007, 4:02:53 pm
Server        : porfirio.no-ip.org
Error No      : 8
On file       : D:\ xampp\ htdocs\ OpenWebMS\ OpenWebMS\ WebMS.php
On line       : 372
Error         : Trying to get property of non-object
IP            : 213.13.239.200
Host          : frutaria
Method        : GET
$_REQUEST     :
           PHPSESSID => 2f7c1fb975d6d60216a73bef1cd5059e
 
 
Date          : June 2, 2007, 4:02:53 pm
Server        : porfirio.no-ip.org
Error No      : 8
On file       : D:\ xampp\ htdocs\ OpenWebMS\ OpenWebMS\ WebMS.php
On line       : 372
Error         : Undefined variable: modl
IP            : 213.13.239.200
Host          : frutaria
Method        : GET
$_REQUEST     :
           PHPSESSID => 2f7c1fb975d6d60216a73bef1cd5059e
 
 
Date          : June 2, 2007, 4:02:53 pm
Server        : porfirio.no-ip.org
Error No      : 8
On file       : D:\ xampp\ htdocs\ OpenWebMS\ OpenWebMS\ WebMS.php
On line       : 372
Error         : Trying to get property of non-object
IP            : 213.13.239.200
Host          : frutaria
Method        : GET
$_REQUEST     :
           PHPSESSID => 2f7c1fb975d6d60216a73bef1cd5059e
 
 
Date          : June 2, 2007, 4:04:20 pm
Server        : porfirio.no-ip.org
Error No      : 8
On file       : D:\ xampp\ htdocs\ OpenWebMS\ OpenWebMS\ WebMS.php
On line       : 102
Error         : Undefined variable: WebMS
IP            : 213.13.239.200
Host          : frutaria
Method        : GET
$_REQUEST     :
           PHPSESSID => 2f7c1fb975d6d60216a73bef1cd5059e
 
 
Date          : June 2, 2007, 4:04:20 pm
Server        : porfirio.no-ip.org
Error No      : 8
On file       : D:\ xampp\ htdocs\ OpenWebMS\ OpenWebMS\ WebMS.php
On line       : 103
Error         : Undefined variable: WebMS
IP            : 213.13.239.200
Host          : frutaria
Method        : GET
$_REQUEST     :
           PHPSESSID => 2f7c1fb975d6d60216a73bef1cd5059e
 
 
Date          : June 2, 2007, 4:04:42 pm
Server        : porfirio.no-ip.org
Error No      : 8
On file       : D:\ xampp\ htdocs\ OpenWebMS\ OpenWebMS\ WebMS.php
On line       : 102
Error         : Undefined variable: WebMS
IP            : 213.13.239.200
Host          : frutaria
Method        : GET
$_REQUEST     :
           PHPSESSID => 2f7c1fb975d6d60216a73bef1cd5059e
 
 
Date          : June 2, 2007, 4:04:42 pm
Server        : porfirio.no-ip.org
Error No      : 8
On file       : D:\ xampp\ htdocs\ OpenWebMS\ OpenWebMS\ WebMS.php
On line       : 103
Error         : Undefined variable: WebMS
IP            : 213.13.239.200
Host          : frutaria
Method        : GET
$_REQUEST     :
           PHPSESSID => 2f7c1fb975d6d60216a73bef1cd5059e
 
 
Date          : June 2, 2007, 4:05:33 pm
Server        : porfirio.no-ip.org
Error No      : 8
On file       : D:\ xampp\ htdocs\ OpenWebMS\ OpenWebMS\ WebMS.php
On line       : 102
Error         : Undefined variable: WebMS
IP            : 213.13.239.200
Host          : frutaria
Method        : GET
$_REQUEST     :
           PHPSESSID => 2f7c1fb975d6d60216a73bef1cd5059e
 
 
Date          : June 2, 2007, 4:05:33 pm
Server        : porfirio.no-ip.org
Error No      : 8
On file       : D:\ xampp\ htdocs\ OpenWebMS\ OpenWebMS\ WebMS.php
On line       : 103
Error         : Undefined variable: WebMS
IP            : 213.13.239.200
Host          : frutaria
Method        : GET
$_REQUEST     :
           PHPSESSID => 2f7c1fb975d6d60216a73bef1cd5059e
 
 
Date          : June 2, 2007, 4:05:33 pm
Server        : porfirio.no-ip.org
Error No      : 8
On file       : D:\ xampp\ htdocs\ OpenWebMS\ OpenWebMS\ WebMS.php
On line       : 105
Error         : Undefined variable: WebMS
IP            : 213.13.239.200
Host          : frutaria
Method        : GET
$_REQUEST     :
           PHPSESSID => 2f7c1fb975d6d60216a73bef1cd5059e
 
 
Date          : June 2, 2007, 4:05:53 pm
Server        : porfirio.no-ip.org
Error No      : 8
On file       : D:\ xampp\ htdocs\ OpenWebMS\ OpenWebMS\ WebMS.php
On line       : 103
Error         : Undefined variable: WebMS
IP            : 213.13.239.200
Host          : frutaria
Method        : GET
$_REQUEST     :
           PHPSESSID => 2f7c1fb975d6d60216a73bef1cd5059e
 
 
Date          : June 2, 2007, 4:05:53 pm
Server        : porfirio.no-ip.org
Error No      : 8
On file       : D:\ xampp\ htdocs\ OpenWebMS\ OpenWebMS\ WebMS.php
On line       : 104
Error         : Undefined variable: WebMS
IP            : 213.13.239.200
Host          : frutaria
Method        : GET
$_REQUEST     :
           PHPSESSID => 2f7c1fb975d6d60216a73bef1cd5059e
 
 
Date          : June 2, 2007, 4:05:53 pm
Server        : porfirio.no-ip.org
Error No      : 8
On file       : D:\ xampp\ htdocs\ OpenWebMS\ OpenWebMS\ WebMS.php
On line       : 106
Error         : Undefined variable: WebMS
IP            : 213.13.239.200
Host          : frutaria
Method        : GET
$_REQUEST     :
           PHPSESSID => 2f7c1fb975d6d60216a73bef1cd5059e
 
 
Date          : June 2, 2007, 4:06:01 pm
Server        : porfirio.no-ip.org
Error No      : 8
On file       : D:\ xampp\ htdocs\ OpenWebMS\ OpenWebMS\ WebMS.php
On line       : 103
Error         : Undefined variable: WebMS
IP            : 213.13.239.200
Host          : frutaria
Method        : GET
$_REQUEST     :
           PHPSESSID => 2f7c1fb975d6d60216a73bef1cd5059e
 
 
Date          : June 2, 2007, 4:06:01 pm
Server        : porfirio.no-ip.org
Error No      : 8
On file       : D:\ xampp\ htdocs\ OpenWebMS\ OpenWebMS\ WebMS.php
On line       : 104
Error         : Undefined variable: WebMS
IP            : 213.13.239.200
Host          : frutaria
Method        : GET
$_REQUEST     :
           PHPSESSID => 2f7c1fb975d6d60216a73bef1cd5059e
 
 
Date          : June 2, 2007, 4:06:01 pm
Server        : porfirio.no-ip.org
Error No      : 8
On file       : D:\ xampp\ htdocs\ OpenWebMS\ OpenWebMS\ WebMS.php
On line       : 106
Error         : Undefined variable: WebMS
IP            : 213.13.239.200
Host          : frutaria
Method        : GET
$_REQUEST     :
           PHPSESSID => 2f7c1fb975d6d60216a73bef1cd5059e
 
 
Date          : June 2, 2007, 4:08:01 pm
Server        : porfirio.no-ip.org
Error No      : 8
On file       : D:\ xampp\ htdocs\ OpenWebMS\ OpenWebMS\ WebMS.php
On line       : 99
Error         : Undefined variable: WebMS
IP            : 213.13.239.200
Host          : frutaria
Method        : GET
$_REQUEST     :
           PHPSESSID => 2f7c1fb975d6d60216a73bef1cd5059e
 
 
Date          : June 2, 2007, 4:08:01 pm
Server        : porfirio.no-ip.org
Error No      : 8
On file       : D:\ xampp\ htdocs\ OpenWebMS\ OpenWebMS\ WebMS.php
On line       : 100
Error         : Undefined variable: WebMS
IP            : 213.13.239.200
Host          : frutaria
Method        : GET
$_REQUEST     :
           PHPSESSID => 2f7c1fb975d6d60216a73bef1cd5059e
 
 
Date          : June 2, 2007, 4:08:01 pm
Server        : porfirio.no-ip.org
Error No      : 8
On file       : D:\ xampp\ htdocs\ OpenWebMS\ OpenWebMS\ WebMS.php
On line       : 102
Error         : Undefined variable: WebMS
IP            : 213.13.239.200
Host          : frutaria
Method        : GET
$_REQUEST     :
           PHPSESSID => 2f7c1fb975d6d60216a73bef1cd5059e
 
 
Date          : June 2, 2007, 4:08:27 pm
Server        : porfirio.no-ip.org
Error No      : 8
On file       : D:\ xampp\ htdocs\ OpenWebMS\ OpenWebMS\ WebMS.php
On line       : 100
Error         : Undefined variable: WebMS
IP            : 213.13.239.200
Host          : frutaria
Method        : GET
$_REQUEST     :
           PHPSESSID => 2f7c1fb975d6d60216a73bef1cd5059e
 
 
Date          : June 2, 2007, 4:08:27 pm
Server        : porfirio.no-ip.org
Error No      : 8
On file       : D:\ xampp\ htdocs\ OpenWebMS\ OpenWebMS\ WebMS.php
On line       : 101
Error         : Undefined variable: WebMS
IP            : 213.13.239.200
Host          : frutaria
Method        : GET
$_REQUEST     :
           PHPSESSID => 2f7c1fb975d6d60216a73bef1cd5059e
 
 
Date          : June 2, 2007, 4:08:27 pm
Server        : porfirio.no-ip.org
Error No      : 8
On file       : D:\ xampp\ htdocs\ OpenWebMS\ OpenWebMS\ WebMS.php
On line       : 103
Error         : Undefined variable: WebMS
IP            : 213.13.239.200
Host          : frutaria
Method        : GET
$_REQUEST     :
           PHPSESSID => 2f7c1fb975d6d60216a73bef1cd5059e
 
 
Date          : June 2, 2007, 4:09:12 pm
Server        : porfirio.no-ip.org
Error No      : 8
On file       : D:\ xampp\ htdocs\ OpenWebMS\ OpenWebMS\ WebMS.php
On line       : 100
Error         : Undefined variable: WebMS
IP            : 213.13.239.200
Host          : frutaria
Method        : GET
$_REQUEST     :
           PHPSESSID => 2f7c1fb975d6d60216a73bef1cd5059e
 
 
Date          : June 2, 2007, 4:09:12 pm
Server        : porfirio.no-ip.org
Error No      : 8
On file       : D:\ xampp\ htdocs\ OpenWebMS\ OpenWebMS\ WebMS.php
On line       : 101
Error         : Undefined variable: WebMS
IP            : 213.13.239.200
Host          : frutaria
Method        : GET
$_REQUEST     :
           PHPSESSID => 2f7c1fb975d6d60216a73bef1cd5059e
 
 
Date          : June 2, 2007, 4:09:12 pm
Server        : porfirio.no-ip.org
Error No      : 8
On file       : D:\ xampp\ htdocs\ OpenWebMS\ OpenWebMS\ WebMS.php
On line       : 103
Error         : Undefined variable: WebMS
IP            : 213.13.239.200
Host          : frutaria
Method        : GET
$_REQUEST     :
           PHPSESSID => 2f7c1fb975d6d60216a73bef1cd5059e
 
 
Date          : June 2, 2007, 4:10:01 pm
Server        : porfirio.no-ip.org
Error No      : 8
On file       : D:\ xampp\ htdocs\ OpenWebMS\ OpenWebMS\ WebMS.php
On line       : 103
Error         : Undefined variable: WebMS
IP            : 213.13.239.200
Host          : frutaria
Method        : GET
$_REQUEST     :
           PHPSESSID => 2f7c1fb975d6d60216a73bef1cd5059e
 
 
Date          : June 2, 2007, 5:57:12 pm
Server        : porfirio.no-ip.org
Error No      : 8
On file       : D:\ xampp\ htdocs\ OpenWebMS\ OpenWebMS\ WebMS.php
On line       : 96
Error         : Undefined property:  WebMS::$libpath
IP            : 213.13.239.200
Host          : frutaria
Method        : GET
$_REQUEST     :
           PHPSESSID => 2f7c1fb975d6d60216a73bef1cd5059e
 
 
Date          : June 2, 2007, 5:57:12 pm
Server        : porfirio.no-ip.org
Error No      : 8
On file       : D:\ xampp\ htdocs\ OpenWebMS\ OpenWebMS\ WebMS.php
On line       : 97
Error         : Undefined property:  WebMS::$stylepath
IP            : 213.13.239.200
Host          : frutaria
Method        : GET
$_REQUEST     :
           PHPSESSID => 2f7c1fb975d6d60216a73bef1cd5059e
 
 
Date          : June 2, 2007, 5:57:41 pm
Server        : porfirio.no-ip.org
Error No      : 8
On file       : D:\ xampp\ htdocs\ OpenWebMS\ OpenWebMS\ Core\&hellip;
              : Modules\ PageRate.php
On line       : 25
Error         : Undefined variable: nope
IP            : 213.13.239.200
Host          : frutaria
Method        : GET
$_REQUEST     :
           RatePage => 2
           page => _OpenWebMS_apage_php
           path => 
           PHPSESSID => 2f7c1fb975d6d60216a73bef1cd5059e
 
 
Date          : June 2, 2007, 5:57:41 pm
Server        : porfirio.no-ip.org
Error No      : 2
On file       : D:\ xampp\ htdocs\ OpenWebMS\ OpenWebMS\ Core\&hellip;
              : Includes\ ResDB.php
On line       : 266
Error         : file_put_contents(D:\xampp\htdocs\OpenWebMS\OpenWebMS\Core\Includes/../db/PageRater.db) [<a href='function.file-put-contents'>function.file-put-contents</a>]: failed to open stream: No such file or directory
IP            : 213.13.239.200
Host          : frutaria
Method        : GET
$_REQUEST     :
           RatePage => 2
           page => _OpenWebMS_apage_php
           path => 
           PHPSESSID => 2f7c1fb975d6d60216a73bef1cd5059e
 
 
Date          : June 2, 2007, 5:57:43 pm
Server        : porfirio.no-ip.org
Error No      : 8
On file       : D:\ xampp\ htdocs\ OpenWebMS\ OpenWebMS\ WebMS.php
On line       : 96
Error         : Undefined property:  WebMS::$libpath
IP            : 213.13.239.200
Host          : frutaria
Method        : GET
$_REQUEST     :
           PHPSESSID => 2f7c1fb975d6d60216a73bef1cd5059e
 
 
Date          : June 2, 2007, 5:57:43 pm
Server        : porfirio.no-ip.org
Error No      : 8
On file       : D:\ xampp\ htdocs\ OpenWebMS\ OpenWebMS\ WebMS.php
On line       : 97
Error         : Undefined property:  WebMS::$stylepath
IP            : 213.13.239.200
Host          : frutaria
Method        : GET
$_REQUEST     :
           PHPSESSID => 2f7c1fb975d6d60216a73bef1cd5059e
 
 
Date          : June 2, 2007, 5:58:12 pm
Server        : porfirio.no-ip.org
Error No      : 8
On file       : D:\ xampp\ htdocs\ OpenWebMS\ OpenWebMS\ WebMS.php
On line       : 96
Error         : Undefined property:  WebMS::$libpath
IP            : 213.13.239.200
Host          : frutaria
Method        : GET
$_REQUEST     :
           PHPSESSID => 2f7c1fb975d6d60216a73bef1cd5059e
 
 
Date          : June 2, 2007, 5:58:12 pm
Server        : porfirio.no-ip.org
Error No      : 8
On file       : D:\ xampp\ htdocs\ OpenWebMS\ OpenWebMS\ WebMS.php
On line       : 97
Error         : Undefined property:  WebMS::$stylepath
IP            : 213.13.239.200
Host          : frutaria
Method        : GET
$_REQUEST     :
           PHPSESSID => 2f7c1fb975d6d60216a73bef1cd5059e
 
 
Date          : June 2, 2007, 6:00:24 pm
Server        : porfirio.no-ip.org
Error No      : 8
On file       : D:\ xampp\ htdocs\ OpenWebMS\ OpenWebMS\ WebMS.php
On line       : 96
Error         : Undefined property:  WebMS::$libpath
IP            : 213.13.239.200
Host          : frutaria
Method        : GET
$_REQUEST     :
           PHPSESSID => 2f7c1fb975d6d60216a73bef1cd5059e
 
 
Date          : June 2, 2007, 6:00:24 pm
Server        : porfirio.no-ip.org
Error No      : 8
On file       : D:\ xampp\ htdocs\ OpenWebMS\ OpenWebMS\ WebMS.php
On line       : 97
Error         : Undefined property:  WebMS::$stylepath
IP            : 213.13.239.200
Host          : frutaria
Method        : GET
$_REQUEST     :
           PHPSESSID => 2f7c1fb975d6d60216a73bef1cd5059e
 
 
Date          : June 2, 2007, 6:00:27 pm
Server        : porfirio.no-ip.org
Error No      : 8
On file       : D:\ xampp\ htdocs\ OpenWebMS\ OpenWebMS\ WebMS.php
On line       : 96
Error         : Undefined property:  WebMS::$libpath
IP            : 213.13.239.200
Host          : frutaria
Method        : POST
$_REQUEST     :
           psswd => letmein
           submit => Login
           PHPSESSID => 2f7c1fb975d6d60216a73bef1cd5059e
 
 
Date          : June 2, 2007, 6:00:27 pm
Server        : porfirio.no-ip.org
Error No      : 8
On file       : D:\ xampp\ htdocs\ OpenWebMS\ OpenWebMS\ WebMS.php
On line       : 97
Error         : Undefined property:  WebMS::$stylepath
IP            : 213.13.239.200
Host          : frutaria
Method        : POST
$_REQUEST     :
           psswd => letmein
           submit => Login
           PHPSESSID => 2f7c1fb975d6d60216a73bef1cd5059e
 
 
Date          : June 2, 2007, 6:00:30 pm
Server        : porfirio.no-ip.org
Error No      : 8
On file       : D:\ xampp\ htdocs\ OpenWebMS\ OpenWebMS\ WebMS.php
On line       : 96
Error         : Undefined property:  WebMS::$libpath
IP            : 213.13.239.200
Host          : frutaria
Method        : POST
$_REQUEST     :
           psswd => letmein
           submit => Login
           PHPSESSID => 2f7c1fb975d6d60216a73bef1cd5059e
 
 
Date          : June 2, 2007, 6:00:30 pm
Server        : porfirio.no-ip.org
Error No      : 8
On file       : D:\ xampp\ htdocs\ OpenWebMS\ OpenWebMS\ WebMS.php
On line       : 97
Error         : Undefined property:  WebMS::$stylepath
IP            : 213.13.239.200
Host          : frutaria
Method        : POST
$_REQUEST     :
           psswd => letmein
           submit => Login
           PHPSESSID => 2f7c1fb975d6d60216a73bef1cd5059e
 
 
Date          : June 2, 2007, 6:01:50 pm
Server        : porfirio.no-ip.org
Error No      : 8
On file       : D:\ xampp\ htdocs\ OpenWebMS\ OpenWebMS\ Core\&hellip;
              : Includes\ ResDB.php
On line       : 214
Error         : Undefined variable: WebMS
IP            : 213.13.239.200
Host          : frutaria
Method        : GET
$_REQUEST     :
           PHPSESSID => 2f7c1fb975d6d60216a73bef1cd5059e
 
 
Date          : June 2, 2007, 6:01:50 pm
Server        : porfirio.no-ip.org
Error No      : 8
On file       : D:\ xampp\ htdocs\ OpenWebMS\ OpenWebMS\ WebMS.php
On line       : 96
Error         : Undefined property:  WebMS::$libpath
IP            : 213.13.239.200
Host          : frutaria
Method        : GET
$_REQUEST     :
           PHPSESSID => 2f7c1fb975d6d60216a73bef1cd5059e
 
 
Date          : June 2, 2007, 6:01:50 pm
Server        : porfirio.no-ip.org
Error No      : 8
On file       : D:\ xampp\ htdocs\ OpenWebMS\ OpenWebMS\ WebMS.php
On line       : 97
Error         : Undefined property:  WebMS::$stylepath
IP            : 213.13.239.200
Host          : frutaria
Method        : GET
$_REQUEST     :
           PHPSESSID => 2f7c1fb975d6d60216a73bef1cd5059e
 
 
Date          : June 2, 2007, 6:01:50 pm
Server        : porfirio.no-ip.org
Error No      : 8
On file       : D:\ xampp\ htdocs\ OpenWebMS\ OpenWebMS\ Core\&hellip;
              : Includes\ ResDB.php
On line       : 214
Error         : Undefined variable: WebMS
IP            : 213.13.239.200
Host          : frutaria
Method        : GET
$_REQUEST     :
           PHPSESSID => 2f7c1fb975d6d60216a73bef1cd5059e
 
 
Date          : June 2, 2007, 6:01:50 pm
Server        : porfirio.no-ip.org
Error No      : 8
On file       : D:\ xampp\ htdocs\ OpenWebMS\ OpenWebMS\ Core\&hellip;
              : Includes\ ResDB.php
On line       : 214
Error         : Undefined variable: WebMS
IP            : 213.13.239.200
Host          : frutaria
Method        : GET
$_REQUEST     :
           PHPSESSID => 2f7c1fb975d6d60216a73bef1cd5059e
 
 
Date          : June 2, 2007, 6:01:53 pm
Server        : porfirio.no-ip.org
Error No      : 8
On file       : D:\ xampp\ htdocs\ OpenWebMS\ OpenWebMS\ Core\&hellip;
              : Includes\ ResDB.php
On line       : 214
Error         : Undefined variable: WebMS
IP            : 213.13.239.200
Host          : frutaria
Method        : GET
$_REQUEST     :
           RatePage => 3
           page => _OpenWebMS_apage_php
           path => 
           PHPSESSID => 2f7c1fb975d6d60216a73bef1cd5059e
 
 
Date          : June 2, 2007, 6:01:53 pm
Server        : porfirio.no-ip.org
Error No      : 8
On file       : D:\ xampp\ htdocs\ OpenWebMS\ OpenWebMS\ Core\&hellip;
              : Modules\ PageRate.php
On line       : 25
Error         : Undefined variable: nope
IP            : 213.13.239.200
Host          : frutaria
Method        : GET
$_REQUEST     :
           RatePage => 3
           page => _OpenWebMS_apage_php
           path => 
           PHPSESSID => 2f7c1fb975d6d60216a73bef1cd5059e
 
 
Date          : June 2, 2007, 6:01:55 pm
Server        : porfirio.no-ip.org
Error No      : 8
On file       : D:\ xampp\ htdocs\ OpenWebMS\ OpenWebMS\ Core\&hellip;
              : Includes\ ResDB.php
On line       : 214
Error         : Undefined variable: WebMS
IP            : 213.13.239.200
Host          : frutaria
Method        : GET
$_REQUEST     :
           PHPSESSID => 2f7c1fb975d6d60216a73bef1cd5059e
 
 
Date          : June 2, 2007, 6:01:55 pm
Server        : porfirio.no-ip.org
Error No      : 8
On file       : D:\ xampp\ htdocs\ OpenWebMS\ OpenWebMS\ WebMS.php
On line       : 96
Error         : Undefined property:  WebMS::$libpath
IP            : 213.13.239.200
Host          : frutaria
Method        : GET
$_REQUEST     :
           PHPSESSID => 2f7c1fb975d6d60216a73bef1cd5059e
 
 
Date          : June 2, 2007, 6:01:55 pm
Server        : porfirio.no-ip.org
Error No      : 8
On file       : D:\ xampp\ htdocs\ OpenWebMS\ OpenWebMS\ WebMS.php
On line       : 97
Error         : Undefined property:  WebMS::$stylepath
IP            : 213.13.239.200
Host          : frutaria
Method        : GET
$_REQUEST     :
           PHPSESSID => 2f7c1fb975d6d60216a73bef1cd5059e
 
 
Date          : June 2, 2007, 6:01:55 pm
Server        : porfirio.no-ip.org
Error No      : 8
On file       : D:\ xampp\ htdocs\ OpenWebMS\ OpenWebMS\ Core\&hellip;
              : Includes\ ResDB.php
On line       : 214
Error         : Undefined variable: WebMS
IP            : 213.13.239.200
Host          : frutaria
Method        : GET
$_REQUEST     :
           PHPSESSID => 2f7c1fb975d6d60216a73bef1cd5059e
 
 
Date          : June 2, 2007, 6:01:55 pm
Server        : porfirio.no-ip.org
Error No      : 8
On file       : D:\ xampp\ htdocs\ OpenWebMS\ OpenWebMS\ Core\&hellip;
              : Includes\ ResDB.php
On line       : 214
Error         : Undefined variable: WebMS
IP            : 213.13.239.200
Host          : frutaria
Method        : GET
$_REQUEST     :
           PHPSESSID => 2f7c1fb975d6d60216a73bef1cd5059e
 
 
Date          : June 2, 2007, 6:02:17 pm
Server        : porfirio.no-ip.org
Error No      : 8
On file       : D:\ xampp\ htdocs\ OpenWebMS\ OpenWebMS\ Core\&hellip;
              : Includes\ ResDB.php
On line       : 214
Error         : Undefined variable: WebMS
IP            : 213.13.239.200
Host          : frutaria
Method        : GET
$_REQUEST     :
           PHPSESSID => 2f7c1fb975d6d60216a73bef1cd5059e
 
 
Date          : June 2, 2007, 6:03:44 pm
Server        : porfirio.no-ip.org
Error No      : 8
On file       : D:\ xampp\ htdocs\ OpenWebMS\ OpenWebMS\ WebMS.php
On line       : 96
Error         : Undefined property:  WebMS::$libpath
IP            : 213.13.239.200
Host          : frutaria
Method        : GET
$_REQUEST     :
           PHPSESSID => 2f7c1fb975d6d60216a73bef1cd5059e
 
 
Date          : June 2, 2007, 6:03:44 pm
Server        : porfirio.no-ip.org
Error No      : 8
On file       : D:\ xampp\ htdocs\ OpenWebMS\ OpenWebMS\ WebMS.php
On line       : 97
Error         : Undefined property:  WebMS::$stylepath
IP            : 213.13.239.200
Host          : frutaria
Method        : GET
$_REQUEST     :
           PHPSESSID => 2f7c1fb975d6d60216a73bef1cd5059e
 
 
Date          : June 2, 2007, 6:03:48 pm
Server        : porfirio.no-ip.org
Error No      : 8
On file       : D:\ xampp\ htdocs\ OpenWebMS\ OpenWebMS\ Core\&hellip;
              : Modules\ PageRate.php
On line       : 25
Error         : Undefined variable: nope
IP            : 213.13.239.200
Host          : frutaria
Method        : GET
$_REQUEST     :
           RatePage => 3
           page => _OpenWebMS_apage_php
           path => 
           PHPSESSID => 2f7c1fb975d6d60216a73bef1cd5059e
 
 
Date          : June 2, 2007, 6:03:50 pm
Server        : porfirio.no-ip.org
Error No      : 8
On file       : D:\ xampp\ htdocs\ OpenWebMS\ OpenWebMS\ WebMS.php
On line       : 96
Error         : Undefined property:  WebMS::$libpath
IP            : 213.13.239.200
Host          : frutaria
Method        : GET
$_REQUEST     :
           PHPSESSID => 2f7c1fb975d6d60216a73bef1cd5059e
 
 
Date          : June 2, 2007, 6:03:50 pm
Server        : porfirio.no-ip.org
Error No      : 8
On file       : D:\ xampp\ htdocs\ OpenWebMS\ OpenWebMS\ WebMS.php
On line       : 97
Error         : Undefined property:  WebMS::$stylepath
IP            : 213.13.239.200
Host          : frutaria
Method        : GET
$_REQUEST     :
           PHPSESSID => 2f7c1fb975d6d60216a73bef1cd5059e
 
 
Date          : June 2, 2007, 6:05:51 pm
Server        : porfirio.no-ip.org
Error No      : 8
On file       : D:\ xampp\ htdocs\ OpenWebMS\ OpenWebMS\ WebMS.php
On line       : 96
Error         : Undefined property:  WebMS::$libpath
IP            : 213.13.239.200
Host          : frutaria
Method        : GET
$_REQUEST     :
           PHPSESSID => 2f7c1fb975d6d60216a73bef1cd5059e
 
 
Date          : June 2, 2007, 6:05:51 pm
Server        : porfirio.no-ip.org
Error No      : 8
On file       : D:\ xampp\ htdocs\ OpenWebMS\ OpenWebMS\ WebMS.php
On line       : 97
Error         : Undefined property:  WebMS::$stylepath
IP            : 213.13.239.200
Host          : frutaria
Method        : GET
$_REQUEST     :
           PHPSESSID => 2f7c1fb975d6d60216a73bef1cd5059e
 
 
Date          : June 2, 2007, 6:09:15 pm
Server        : porfirio.no-ip.org
Error No      : 8
On file       : D:\ xampp\ htdocs\ OpenWebMS\ OpenWebMS\ WebMS.php
On line       : 96
Error         : Undefined property:  WebMS::$libpath
IP            : 213.13.239.200
Host          : frutaria
Method        : GET
$_REQUEST     :
           PHPSESSID => 2f7c1fb975d6d60216a73bef1cd5059e
 
 
Date          : June 2, 2007, 6:09:15 pm
Server        : porfirio.no-ip.org
Error No      : 8
On file       : D:\ xampp\ htdocs\ OpenWebMS\ OpenWebMS\ WebMS.php
On line       : 97
Error         : Undefined property:  WebMS::$stylepath
IP            : 213.13.239.200
Host          : frutaria
Method        : GET
$_REQUEST     :
           PHPSESSID => 2f7c1fb975d6d60216a73bef1cd5059e
 
 
Date          : June 2, 2007, 6:09:44 pm
Server        : porfirio.no-ip.org
Error No      : 8
On file       : D:\ xampp\ htdocs\ OpenWebMS\ OpenWebMS\ WebMS.php
On line       : 96
Error         : Undefined property:  WebMS::$libpath
IP            : 213.13.239.200
Host          : frutaria
Method        : GET
$_REQUEST     :
           PHPSESSID => 2f7c1fb975d6d60216a73bef1cd5059e
 
 
Date          : June 2, 2007, 6:09:44 pm
Server        : porfirio.no-ip.org
Error No      : 8
On file       : D:\ xampp\ htdocs\ OpenWebMS\ OpenWebMS\ WebMS.php
On line       : 97
Error         : Undefined property:  WebMS::$stylepath
IP            : 213.13.239.200
Host          : frutaria
Method        : GET
$_REQUEST     :
           PHPSESSID => 2f7c1fb975d6d60216a73bef1cd5059e
 
 
Date          : June 2, 2007, 6:09:44 pm
Server        : porfirio.no-ip.org
Error No      : 8
On file       : D:\ xampp\ htdocs\ OpenWebMS\ OpenWebMS\ Core\&hellip;
              : Modules\ PageRate.php
On line       : 90
Error         : Undefined variable: base
IP            : 213.13.239.200
Host          : frutaria
Method        : GET
$_REQUEST     :
           PHPSESSID => 2f7c1fb975d6d60216a73bef1cd5059e
 
 
Date          : June 2, 2007, 6:10:18 pm
Server        : porfirio.no-ip.org
Error No      : 8
On file       : D:\ xampp\ htdocs\ OpenWebMS\ OpenWebMS\ WebMS.php
On line       : 96
Error         : Undefined property:  WebMS::$libpath
IP            : 213.13.239.200
Host          : frutaria
Method        : GET
$_REQUEST     :
           PHPSESSID => 2f7c1fb975d6d60216a73bef1cd5059e
 
 
Date          : June 2, 2007, 6:10:18 pm
Server        : porfirio.no-ip.org
Error No      : 8
On file       : D:\ xampp\ htdocs\ OpenWebMS\ OpenWebMS\ WebMS.php
On line       : 97
Error         : Undefined property:  WebMS::$stylepath
IP            : 213.13.239.200
Host          : frutaria
Method        : GET
$_REQUEST     :
           PHPSESSID => 2f7c1fb975d6d60216a73bef1cd5059e
 
 
Date          : June 2, 2007, 6:11:32 pm
Server        : porfirio.no-ip.org
Error No      : 8
On file       : D:\ xampp\ htdocs\ OpenWebMS\ OpenWebMS\ WebMS.php
On line       : 96
Error         : Undefined property:  WebMS::$libpath
IP            : 213.13.239.200
Host          : frutaria
Method        : GET
$_REQUEST     :
           PHPSESSID => 2f7c1fb975d6d60216a73bef1cd5059e
 
 
Date          : June 2, 2007, 6:11:32 pm
Server        : porfirio.no-ip.org
Error No      : 8
On file       : D:\ xampp\ htdocs\ OpenWebMS\ OpenWebMS\ WebMS.php
On line       : 97
Error         : Undefined property:  WebMS::$stylepath
IP            : 213.13.239.200
Host          : frutaria
Method        : GET
$_REQUEST     :
           PHPSESSID => 2f7c1fb975d6d60216a73bef1cd5059e
 
 
Date          : June 2, 2007, 6:12:01 pm
Server        : porfirio.no-ip.org
Error No      : 8
On file       : D:\ xampp\ htdocs\ OpenWebMS\ OpenWebMS\ WebMS.php
On line       : 96
Error         : Undefined property:  WebMS::$libpath
IP            : 213.13.239.200
Host          : frutaria
Method        : GET
$_REQUEST     :
           PHPSESSID => 2f7c1fb975d6d60216a73bef1cd5059e
 
 
Date          : June 2, 2007, 6:12:01 pm
Server        : porfirio.no-ip.org
Error No      : 8
On file       : D:\ xampp\ htdocs\ OpenWebMS\ OpenWebMS\ WebMS.php
On line       : 97
Error         : Undefined property:  WebMS::$stylepath
IP            : 213.13.239.200
Host          : frutaria
Method        : GET
$_REQUEST     :
           PHPSESSID => 2f7c1fb975d6d60216a73bef1cd5059e
 
 
Date          : June 2, 2007, 6:12:12 pm
Server        : porfirio.no-ip.org
Error No      : 8
On file       : D:\ xampp\ htdocs\ OpenWebMS\ OpenWebMS\ WebMS.php
On line       : 96
Error         : Undefined property:  WebMS::$libpath
IP            : 213.13.239.200
Host          : frutaria
Method        : GET
$_REQUEST     :
           PHPSESSID => 2f7c1fb975d6d60216a73bef1cd5059e
 
 
Date          : June 2, 2007, 6:12:12 pm
Server        : porfirio.no-ip.org
Error No      : 8
On file       : D:\ xampp\ htdocs\ OpenWebMS\ OpenWebMS\ WebMS.php
On line       : 97
Error         : Undefined property:  WebMS::$stylepath
IP            : 213.13.239.200
Host          : frutaria
Method        : GET
$_REQUEST     :
           PHPSESSID => 2f7c1fb975d6d60216a73bef1cd5059e
 
 
Date          : June 2, 2007, 6:12:19 pm
Server        : porfirio.no-ip.org
Error No      : 8
On file       : D:\ xampp\ htdocs\ OpenWebMS\ OpenWebMS\ WebMS.php
On line       : 96
Error         : Undefined property:  WebMS::$libpath
IP            : 213.13.239.200
Host          : frutaria
Method        : POST
$_REQUEST     :
           devMODE => Developer Mode
           PHPSESSID => 2f7c1fb975d6d60216a73bef1cd5059e
 
 
Date          : June 2, 2007, 6:13:08 pm
Server        : porfirio.no-ip.org
Error No      : 8
On file       : D:\ xampp\ htdocs\ OpenWebMS\ OpenWebMS\ WebMS.php
On line       : 97
Error         : Undefined property:  WebMS::$stylepath
IP            : 213.13.239.200
Host          : frutaria
Method        : GET
$_REQUEST     :
           PHPSESSID => 2f7c1fb975d6d60216a73bef1cd5059e
 
 
Date          : June 2, 2007, 6:13:24 pm
Server        : porfirio.no-ip.org
Error No      : 8
On file       : D:\ xampp\ htdocs\ OpenWebMS\ OpenWebMS\ WebMS.php
On line       : 109
Error         : Undefined property:  WebMS::$stylepath
IP            : 213.13.239.200
Host          : frutaria
Method        : GET
$_REQUEST     :
           PHPSESSID => 2f7c1fb975d6d60216a73bef1cd5059e
 
 
Date          : June 2, 2007, 6:14:17 pm
Server        : porfirio.no-ip.org
Error No      : 8
On file       : D:\ xampp\ htdocs\ OpenWebMS\ OpenWebMS\ Admin\&hellip;
              : Modules\ menuEditor.php
On line       : 19
Error         : Undefined offset:  2
IP            : 213.13.239.200
Host          : frutaria
Method        : GET
$_REQUEST     :
           manage => menu
           PHPSESSID => 2f7c1fb975d6d60216a73bef1cd5059e
 
 
