Date          : June 2, 2007, 7:10:46 pm
Server        : porfirio.no-ip.org
Error No      : 8
On file       : D:\ xampp\ htdocs\ OpenWebMS\ OpenWebMS\ Core\&hellip;
              : Includes\ ResDB.php
On line       : 83
Error         : Only variable references should be returned by reference
IP            : 213.13.239.200
Host          : frutaria
Method        : GET
$_REQUEST     :
           PHPSESSID => 2f7c1fb975d6d60216a73bef1cd5059e
 
 
Date          : June 2, 2007, 7:11:29 pm
Server        : porfirio.no-ip.org
Error No      : 8
On file       : D:\ xampp\ htdocs\ OpenWebMS\ OpenWebMS\ Core\&hellip;
              : Includes\ ResDB.php
On line       : 83
Error         : Only variable references should be returned by reference
IP            : 213.13.239.200
Host          : frutaria
Method        : GET
$_REQUEST     :
           PHPSESSID => 2f7c1fb975d6d60216a73bef1cd5059e
 
 
Date          : June 2, 2007, 7:12:41 pm
Server        : porfirio.no-ip.org
Error No      : 8
On file       : D:\ xampp\ htdocs\ OpenWebMS\ OpenWebMS\ Core\&hellip;
              : Includes\ ResDB.php
On line       : 83
Error         : Only variable references should be returned by reference
IP            : 213.13.239.200
Host          : frutaria
Method        : GET
$_REQUEST     :
           PHPSESSID => 2f7c1fb975d6d60216a73bef1cd5059e
 
 
Date          : June 2, 2007, 7:13:18 pm
Server        : porfirio.no-ip.org
Error No      : 8
On file       : D:\ xampp\ htdocs\ OpenWebMS\ OpenWebMS\ Core\&hellip;
              : Includes\ ResDB.php
On line       : 84
Error         : Only variable references should be returned by reference
IP            : 213.13.239.200
Host          : frutaria
Method        : GET
$_REQUEST     :
           PHPSESSID => 2f7c1fb975d6d60216a73bef1cd5059e
 
 
Date          : June 2, 2007, 7:14:13 pm
Server        : porfirio.no-ip.org
Error No      : 8
On file       : D:\ xampp\ htdocs\ OpenWebMS\ OpenWebMS\ Core\&hellip;
              : Includes\ ResDB.php
On line       : 84
Error         : Only variable references should be returned by reference
IP            : 213.13.239.200
Host          : frutaria
Method        : GET
$_REQUEST     :
           PHPSESSID => 2f7c1fb975d6d60216a73bef1cd5059e
 
 
Date          : June 2, 2007, 7:16:58 pm
Server        : porfirio.no-ip.org
Error No      : 4096
On file       : D:\ xampp\ htdocs\ OpenWebMS\ OpenWebMS\ WebMS.php
On line       : 17
Error         : Object of class ArrayMap could not be converted to string
IP            : 213.13.239.200
Host          : frutaria
Method        : GET
$_REQUEST     :
           PHPSESSID => 2f7c1fb975d6d60216a73bef1cd5059e
 
 
Date          : June 2, 2007, 8:04:24 pm
Server        : porfirio.no-ip.org
Error No      : 8
On file       : D:\ xampp\ htdocs\ OpenWebMS\ OpenWebMS\ Core\&hellip;
              : Includes\ ResDB.php
On line       : 83
Error         : Only variable references should be returned by reference
IP            : 213.13.239.200
Host          : frutaria
Method        : GET
$_REQUEST     :
           PHPSESSID => 2f7c1fb975d6d60216a73bef1cd5059e
 
 
Date          : June 2, 2007, 8:07:32 pm
Server        : porfirio.no-ip.org
Error No      : 8
On file       : D:\ xampp\ htdocs\ OpenWebMS\ OpenWebMS\ WebMS.php
On line       : 20
Error         : Undefined index:  cool
IP            : 213.13.239.200
Host          : frutaria
Method        : GET
$_REQUEST     :
           PHPSESSID => 2f7c1fb975d6d60216a73bef1cd5059e
 
 
Date          : June 2, 2007, 8:08:34 pm
Server        : porfirio.no-ip.org
Error No      : 8
On file       : D:\ xampp\ htdocs\ OpenWebMS\ OpenWebMS\ WebMS.php
On line       : 20
Error         : Undefined index:  cool
IP            : 213.13.239.200
Host          : frutaria
Method        : GET
$_REQUEST     :
           PHPSESSID => 2f7c1fb975d6d60216a73bef1cd5059e
 
 
Date          : June 2, 2007, 8:08:59 pm
Server        : porfirio.no-ip.org
Error No      : 8
On file       : D:\ xampp\ htdocs\ OpenWebMS\ OpenWebMS\ WebMS.php
On line       : 19
Error         : Trying to get property of non-object
IP            : 213.13.239.200
Host          : frutaria
Method        : GET
$_REQUEST     :
           PHPSESSID => 2f7c1fb975d6d60216a73bef1cd5059e
 
 
Date          : June 2, 2007, 8:09:36 pm
Server        : porfirio.no-ip.org
Error No      : 8
On file       : D:\ xampp\ htdocs\ OpenWebMS\ OpenWebMS\ WebMS.php
On line       : 17
Error         : Indirect modification of overloaded property ArrayMap::$cool has no effect
IP            : 213.13.239.200
Host          : frutaria
Method        : GET
$_REQUEST     :
           PHPSESSID => 2f7c1fb975d6d60216a73bef1cd5059e
 
 
