Date          : May 28, 2007, 10:02:28 am
Server        : porfirio.no-ip.org
Error No      : 8
On file       : D:\xampp\htdocs\ResPlace\WebProjects\WebsiteCMS\Source\data\site.php
On line       : 131
Error         : Undefined index:  developer_mode
IP            : 81.193.41.145
Host          : frutaria
Method        : GET
$_REQUEST     :
 
 
Date          : May 28, 2007, 10:02:51 am
Server        : porfirio.no-ip.org
Error No      : 8
On file       : D:\xampp\htdocs\ResPlace\WebProjects\WebsiteCMS\Source\data\Themes\SoftTouch\theme.php
On line       : 46
Error         : Undefined variable: moduleCALeft
IP            : 81.193.41.145
Host          : frutaria
Method        : POST
$_REQUEST     :
           SkinMenu => SoftTouch/Gray/
           MODULE_Createfunctionmethod_Cookie => false
           PHPSESSID => a255a628da59b968a677a5a9c816a5ab
 
 
Date          : May 28, 2007, 10:02:51 am
Server        : porfirio.no-ip.org
Error No      : 8
On file       : D:\xampp\htdocs\ResPlace\WebProjects\WebsiteCMS\Source\data\Themes\SoftTouch\theme.php
On line       : 49
Error         : Undefined variable: moduleCARight
IP            : 81.193.41.145
Host          : frutaria
Method        : POST
$_REQUEST     :
           SkinMenu => SoftTouch/Gray/
           MODULE_Createfunctionmethod_Cookie => false
           PHPSESSID => a255a628da59b968a677a5a9c816a5ab
 
 
Date          : May 28, 2007, 10:02:51 am
Server        : porfirio.no-ip.org
Error No      : 8
On file       : D:\xampp\htdocs\ResPlace\WebProjects\WebsiteCMS\Source\data\Themes\SoftTouch\theme.php
On line       : 53
Error         : Undefined variable: moduleCALeft
IP            : 81.193.41.145
Host          : frutaria
Method        : POST
$_REQUEST     :
           SkinMenu => SoftTouch/Gray/
           MODULE_Createfunctionmethod_Cookie => false
           PHPSESSID => a255a628da59b968a677a5a9c816a5ab
 
 
Date          : May 28, 2007, 10:02:51 am
Server        : porfirio.no-ip.org
Error No      : 8
On file       : D:\xampp\htdocs\ResPlace\WebProjects\WebsiteCMS\Source\data\Themes\SoftTouch\theme.php
On line       : 56
Error         : Undefined variable: moduleCARight
IP            : 81.193.41.145
Host          : frutaria
Method        : POST
$_REQUEST     :
           SkinMenu => SoftTouch/Gray/
           MODULE_Createfunctionmethod_Cookie => false
           PHPSESSID => a255a628da59b968a677a5a9c816a5ab
 
 
Date          : May 28, 2007, 10:02:51 am
Server        : porfirio.no-ip.org
Error No      : 8
On file       : D:\xampp\htdocs\ResPlace\WebProjects\WebsiteCMS\Source\data\Themes\SoftTouch\theme.php
On line       : 60
Error         : Undefined variable: moduleCALeft
IP            : 81.193.41.145
Host          : frutaria
Method        : POST
$_REQUEST     :
           SkinMenu => SoftTouch/Gray/
           MODULE_Createfunctionmethod_Cookie => false
           PHPSESSID => a255a628da59b968a677a5a9c816a5ab
 
 
Date          : May 28, 2007, 10:02:51 am
Server        : porfirio.no-ip.org
Error No      : 8
On file       : D:\xampp\htdocs\ResPlace\WebProjects\WebsiteCMS\Source\data\Themes\SoftTouch\theme.php
On line       : 63
Error         : Undefined variable: moduleCARight
IP            : 81.193.41.145
Host          : frutaria
Method        : POST
$_REQUEST     :
           SkinMenu => SoftTouch/Gray/
           MODULE_Createfunctionmethod_Cookie => false
           PHPSESSID => a255a628da59b968a677a5a9c816a5ab
 
 
Date          : May 28, 2007, 10:03:06 am
Server        : porfirio.no-ip.org
Error No      : 8
On file       : D:\xampp\htdocs\ResPlace\WebProjects\WebsiteCMS\Source\data\site.php
On line       : 131
Error         : Undefined index:  developer_mode
IP            : 81.193.41.145
Host          : frutaria
Method        : GET
$_REQUEST     :
 
 
Date          : May 28, 2007, 11:12:25 am
Server        : porfirio.no-ip.org
Error No      : 8
On file       : D:\xampp\htdocs\ResPlace\WebProjects\WebsiteCMS\Source\data\site.php
On line       : 131
Error         : Undefined index:  developer_mode
IP            : 81.193.41.145
Host          : frutaria
Method        : GET
$_REQUEST     :
           MODULE_Classmethod_CL => block
 
 
Date          : May 28, 2007, 7:33:49 pm
Server        : porfirio.no-ip.org
Error No      : 8
On file       : D:\xampp\htdocs\ResPlace\WebProjects\WebsiteCMS\Source\data\site.php
On line       : 131
Error         : Undefined index:  developer_mode
IP            : 81.193.41.145
Host          : frutaria
Method        : GET
$_REQUEST     :
           PHPSESSID => b2be9a6f61071cf7cf52b3edf65f5c30
 
 
Date          : May 28, 2007, 7:36:59 pm
Server        : porfirio.no-ip.org
Error No      : 8
On file       : D:\xampp\htdocs\ResPlace\WebProjects\WebsiteCMS\Source\data\Functions\Module.php
On line       : 78
Error         : Undefined property:  Module::$content2
IP            : 81.193.41.145
Host          : frutaria
Method        : GET
$_REQUEST     :
           PHPSESSID => b2be9a6f61071cf7cf52b3edf65f5c30
 
 
Date          : May 28, 2007, 7:37:21 pm
Server        : porfirio.no-ip.org
Error No      : 8
On file       : D:\xampp\htdocs\ResPlace\WebProjects\WebsiteCMS\Source\data\Functions\Module.php
On line       : 78
Error         : Undefined property:  Module::$content2
IP            : 81.193.41.145
Host          : frutaria
Method        : GET
$_REQUEST     :
           MODULE_WithstringD_Cookie => false
           MODULE_Createfunctionmethod_Cookie => false
           PHPSESSID => b2be9a6f61071cf7cf52b3edf65f5c30
 
 
Date          : May 28, 2007, 7:50:18 pm
Server        : porfirio.no-ip.org
Error No      : 8
On file       : D:\xampp\htdocs\ResPlace\WebProjects\WebsiteCMS\Source\other\index.php
On line       : 20
Error         : Use of undefined constant internalHtml - assumed 'internalHtml'
IP            : 81.193.41.145
Host          : frutaria
Method        : GET
$_REQUEST     :
           MODULE_WithstringD_Cookie => false
           MODULE_Createfunctionmethod_Cookie => false
           PHPSESSID => b2be9a6f61071cf7cf52b3edf65f5c30
 
 
Date          : May 28, 2007, 7:51:28 pm
Server        : porfirio.no-ip.org
Error No      : 8
On file       : D:\xampp\htdocs\ResPlace\WebProjects\WebsiteCMS\Source\data\Functions\Module.php
On line       : 78
Error         : Undefined property:  Module::$content2
IP            : 81.193.41.145
Host          : frutaria
Method        : GET
$_REQUEST     :
           MODULE_WithstringD_Cookie => false
           MODULE_Createfunctionmethod_Cookie => false
           PHPSESSID => b2be9a6f61071cf7cf52b3edf65f5c30
 
 
Date          : May 28, 2007, 7:52:06 pm
Server        : porfirio.no-ip.org
Error No      : 8
On file       : D:\xampp\htdocs\ResPlace\WebProjects\WebsiteCMS\Source\data\Functions\Module.php
On line       : 78
Error         : Undefined property:  Module::$content2
IP            : 81.193.41.145
Host          : frutaria
Method        : GET
$_REQUEST     :
           MODULE_WithstringD_Cookie => false
           MODULE_Createfunctionmethod_Cookie => false
           PHPSESSID => b2be9a6f61071cf7cf52b3edf65f5c30
 
 
Date          : May 28, 2007, 7:53:03 pm
Server        : porfirio.no-ip.org
Error No      : 8
On file       : D:\xampp\htdocs\ResPlace\WebProjects\WebsiteCMS\Source\data\Functions\Module.php
On line       : 78
Error         : Undefined property:  Module::$content2
IP            : 81.193.41.145
Host          : frutaria
Method        : GET
$_REQUEST     :
           showPost => 2
           MODULE_WithstringD_Cookie => false
           MODULE_Createfunctionmethod_Cookie => false
           PHPSESSID => b2be9a6f61071cf7cf52b3edf65f5c30
 
 
Date          : May 28, 2007, 8:04:24 pm
Server        : porfirio.no-ip.org
Error No      : 8
On file       : D:\xampp\htdocs\ResPlace\WebProjects\WebsiteCMS\Source\data\Functions\Module.php
On line       : 78
Error         : Undefined property:  Module::$content2
IP            : 81.193.41.145
Host          : frutaria
Method        : GET
$_REQUEST     :
           showPost => 2
           MODULE_WithstringD_Cookie => false
           MODULE_Createfunctionmethod_Cookie => false
           PHPSESSID => b2be9a6f61071cf7cf52b3edf65f5c30
 
 
Date          : May 28, 2007, 8:05:10 pm
Server        : porfirio.no-ip.org
Error No      : 8
On file       : D:\xampp\htdocs\ResPlace\WebProjects\WebsiteCMS\Source\data\Functions\Module.php
On line       : 78
Error         : Undefined property:  Module::$content2
IP            : 81.193.41.145
Host          : frutaria
Method        : GET
$_REQUEST     :
           MODULE_WithstringD_Cookie => false
           MODULE_Createfunctionmethod_Cookie => false
           PHPSESSID => b2be9a6f61071cf7cf52b3edf65f5c30
 
 
Date          : May 28, 2007, 8:05:50 pm
Server        : porfirio.no-ip.org
Error No      : 8
On file       : D:\xampp\htdocs\ResPlace\WebProjects\WebsiteCMS\Source\data\Functions\Module.php
On line       : 78
Error         : Undefined property:  Module::$content2
IP            : 81.193.41.145
Host          : frutaria
Method        : GET
$_REQUEST     :
           MODULE_WithstringD_Cookie => false
           MODULE_Createfunctionmethod_Cookie => false
           PHPSESSID => b2be9a6f61071cf7cf52b3edf65f5c30
 
 
Date          : May 28, 2007, 8:06:37 pm
Server        : porfirio.no-ip.org
Error No      : 8
On file       : D:\xampp\htdocs\ResPlace\WebProjects\WebsiteCMS\Source\data\Functions\Module.php
On line       : 78
Error         : Undefined property:  Module::$content2
IP            : 81.193.41.145
Host          : frutaria
Method        : GET
$_REQUEST     :
           MODULE_WithstringD_Cookie => false
           MODULE_Createfunctionmethod_Cookie => false
           PHPSESSID => b2be9a6f61071cf7cf52b3edf65f5c30
 
 
Date          : May 28, 2007, 8:06:49 pm
Server        : porfirio.no-ip.org
Error No      : 8
On file       : D:\xampp\htdocs\ResPlace\WebProjects\WebsiteCMS\Source\tests\ResDB2.php
On line       : 73
Error         : Undefined index:  body
IP            : 81.193.41.145
Host          : frutaria
Method        : GET
$_REQUEST     :
           MODULE_WithstringD_Cookie => false
           MODULE_Createfunctionmethod_Cookie => false
           PHPSESSID => b2be9a6f61071cf7cf52b3edf65f5c30
 
 
Date          : May 28, 2007, 8:06:49 pm
Server        : porfirio.no-ip.org
Error No      : 8
On file       : D:\xampp\htdocs\ResPlace\WebProjects\WebsiteCMS\Source\data\Functions\Module.php
On line       : 78
Error         : Undefined property:  Module::$content2
IP            : 81.193.41.145
Host          : frutaria
Method        : GET
$_REQUEST     :
           MODULE_WithstringD_Cookie => false
           MODULE_Createfunctionmethod_Cookie => false
           PHPSESSID => b2be9a6f61071cf7cf52b3edf65f5c30
 
 
Date          : May 28, 2007, 8:07:22 pm
Server        : porfirio.no-ip.org
Error No      : 8
On file       : D:\xampp\htdocs\ResPlace\WebProjects\WebsiteCMS\Source\data\Functions\Module.php
On line       : 78
Error         : Undefined property:  Module::$content2
IP            : 81.193.41.145
Host          : frutaria
Method        : GET
$_REQUEST     :
           MODULE_WithstringD_Cookie => false
           MODULE_Createfunctionmethod_Cookie => false
           PHPSESSID => b2be9a6f61071cf7cf52b3edf65f5c30
 
 
Date          : May 28, 2007, 8:08:02 pm
Server        : porfirio.no-ip.org
Error No      : 8
On file       : D:\xampp\htdocs\ResPlace\WebProjects\WebsiteCMS\Source\data\Functions\Module.php
On line       : 78
Error         : Undefined property:  Module::$content2
IP            : 81.193.41.145
Host          : frutaria
Method        : GET
$_REQUEST     :
           MODULE_WithstringD_Cookie => false
           MODULE_Createfunctionmethod_Cookie => false
           PHPSESSID => b2be9a6f61071cf7cf52b3edf65f5c30
 
 
Date          : May 28, 2007, 8:08:21 pm
Server        : porfirio.no-ip.org
Error No      : 8
On file       : D:\xampp\htdocs\ResPlace\WebProjects\WebsiteCMS\Source\data\Functions\Module.php
On line       : 78
Error         : Undefined property:  Module::$content2
IP            : 81.193.41.145
Host          : frutaria
Method        : GET
$_REQUEST     :
           MODULE_WithstringD_Cookie => false
           MODULE_Createfunctionmethod_Cookie => false
           PHPSESSID => b2be9a6f61071cf7cf52b3edf65f5c30
 
 
Date          : May 28, 2007, 8:08:32 pm
Server        : porfirio.no-ip.org
Error No      : 8
On file       : D:\xampp\htdocs\ResPlace\WebProjects\WebsiteCMS\Source\data\Functions\Module.php
On line       : 78
Error         : Undefined property:  Module::$content2
IP            : 81.193.41.145
Host          : frutaria
Method        : GET
$_REQUEST     :
           MODULE_WithstringD_Cookie => false
           MODULE_Createfunctionmethod_Cookie => false
           PHPSESSID => b2be9a6f61071cf7cf52b3edf65f5c30
 
 
Date          : May 28, 2007, 8:08:58 pm
Server        : porfirio.no-ip.org
Error No      : 8
On file       : D:\xampp\htdocs\ResPlace\WebProjects\WebsiteCMS\Source\data\Functions\Module.php
On line       : 78
Error         : Undefined property:  Module::$content2
IP            : 81.193.41.145
Host          : frutaria
Method        : GET
$_REQUEST     :
           MODULE_WithstringD_Cookie => false
           MODULE_Createfunctionmethod_Cookie => false
           PHPSESSID => b2be9a6f61071cf7cf52b3edf65f5c30
 
 
Date          : May 28, 2007, 8:09:27 pm
Server        : porfirio.no-ip.org
Error No      : 8
On file       : D:\xampp\htdocs\ResPlace\WebProjects\WebsiteCMS\Source\data\Functions\Module.php
On line       : 78
Error         : Undefined property:  Module::$content2
IP            : 81.193.41.145
Host          : frutaria
Method        : GET
$_REQUEST     :
           MODULE_WithstringD_Cookie => false
           MODULE_Createfunctionmethod_Cookie => false
           PHPSESSID => b2be9a6f61071cf7cf52b3edf65f5c30
 
 
Date          : May 28, 2007, 8:11:03 pm
Server        : porfirio.no-ip.org
Error No      : 8
On file       : D:\xampp\htdocs\ResPlace\WebProjects\WebsiteCMS\Source\data\Functions\Module.php
On line       : 78
Error         : Undefined property:  Module::$content2
IP            : 81.193.41.145
Host          : frutaria
Method        : GET
$_REQUEST     :
           MODULE_WithstringD_Cookie => false
           MODULE_Createfunctionmethod_Cookie => false
           PHPSESSID => b2be9a6f61071cf7cf52b3edf65f5c30
 
 
Date          : May 28, 2007, 8:11:22 pm
Server        : porfirio.no-ip.org
Error No      : 8
On file       : D:\xampp\htdocs\ResPlace\WebProjects\WebsiteCMS\Source\data\Functions\Module.php
On line       : 78
Error         : Undefined property:  Module::$content2
IP            : 81.193.41.145
Host          : frutaria
Method        : GET
$_REQUEST     :
           MODULE_WithstringD_Cookie => false
           MODULE_Createfunctionmethod_Cookie => false
           PHPSESSID => b2be9a6f61071cf7cf52b3edf65f5c30
 
 
Date          : May 28, 2007, 8:12:41 pm
Server        : porfirio.no-ip.org
Error No      : 8
On file       : D:\xampp\htdocs\ResPlace\WebProjects\WebsiteCMS\Source\data\Functions\Module.php
On line       : 78
Error         : Undefined property:  Module::$content2
IP            : 81.193.41.145
Host          : frutaria
Method        : GET
$_REQUEST     :
           MODULE_WithstringD_Cookie => false
           MODULE_Createfunctionmethod_Cookie => false
           PHPSESSID => b2be9a6f61071cf7cf52b3edf65f5c30
 
 
Date          : May 28, 2007, 8:14:25 pm
Server        : porfirio.no-ip.org
Error No      : 8
On file       : D:\xampp\htdocs\ResPlace\WebProjects\WebsiteCMS\Source\data\Functions\Module.php
On line       : 78
Error         : Undefined property:  Module::$content2
IP            : 81.193.41.145
Host          : frutaria
Method        : GET
$_REQUEST     :
           MODULE_WithstringD_Cookie => false
           MODULE_Createfunctionmethod_Cookie => false
           PHPSESSID => b2be9a6f61071cf7cf52b3edf65f5c30
 
 
Date          : May 28, 2007, 8:14:52 pm
Server        : porfirio.no-ip.org
Error No      : 8
On file       : D:\xampp\htdocs\ResPlace\WebProjects\WebsiteCMS\Source\data\Functions\Module.php
On line       : 78
Error         : Undefined property:  Module::$content2
IP            : 81.193.41.145
Host          : frutaria
Method        : GET
$_REQUEST     :
           MODULE_WithstringD_Cookie => false
           MODULE_Createfunctionmethod_Cookie => false
           PHPSESSID => b2be9a6f61071cf7cf52b3edf65f5c30
 
 
Date          : May 28, 2007, 8:15:11 pm
Server        : porfirio.no-ip.org
Error No      : 8
On file       : D:\xampp\htdocs\ResPlace\WebProjects\WebsiteCMS\Source\data\Functions\Module.php
On line       : 78
Error         : Undefined property:  Module::$content2
IP            : 81.193.41.145
Host          : frutaria
Method        : GET
$_REQUEST     :
           MODULE_WithstringD_Cookie => false
           MODULE_Createfunctionmethod_Cookie => false
           PHPSESSID => b2be9a6f61071cf7cf52b3edf65f5c30
 
 
Date          : May 28, 2007, 8:15:21 pm
Server        : porfirio.no-ip.org
Error No      : 8
On file       : D:\xampp\htdocs\ResPlace\WebProjects\WebsiteCMS\Source\data\Functions\Module.php
On line       : 78
Error         : Undefined property:  Module::$content2
IP            : 81.193.41.145
Host          : frutaria
Method        : GET
$_REQUEST     :
           MODULE_WithstringD_Cookie => false
           MODULE_Createfunctionmethod_Cookie => false
           PHPSESSID => b2be9a6f61071cf7cf52b3edf65f5c30
 
 
Date          : May 28, 2007, 8:15:29 pm
Server        : porfirio.no-ip.org
Error No      : 8
On file       : D:\xampp\htdocs\ResPlace\WebProjects\WebsiteCMS\Source\data\Functions\Module.php
On line       : 78
Error         : Undefined property:  Module::$content2
IP            : 81.193.41.145
Host          : frutaria
Method        : GET
$_REQUEST     :
           MODULE_WithstringD_Cookie => false
           MODULE_Createfunctionmethod_Cookie => false
           PHPSESSID => b2be9a6f61071cf7cf52b3edf65f5c30
 
 
Date          : May 28, 2007, 8:16:10 pm
Server        : porfirio.no-ip.org
Error No      : 8
On file       : D:\xampp\htdocs\ResPlace\WebProjects\WebsiteCMS\Source\data\Functions\Module.php
On line       : 78
Error         : Undefined property:  Module::$content2
IP            : 81.193.41.145
Host          : frutaria
Method        : GET
$_REQUEST     :
           MODULE_WithstringD_Cookie => false
           MODULE_Createfunctionmethod_Cookie => false
           PHPSESSID => b2be9a6f61071cf7cf52b3edf65f5c30
 
 
Date          : May 28, 2007, 8:17:05 pm
Server        : porfirio.no-ip.org
Error No      : 8
On file       : D:\xampp\htdocs\ResPlace\WebProjects\WebsiteCMS\Source\data\Functions\Module.php
On line       : 78
Error         : Undefined property:  Module::$content2
IP            : 81.193.41.145
Host          : frutaria
Method        : GET
$_REQUEST     :
           MODULE_WithstringD_Cookie => false
           MODULE_Createfunctionmethod_Cookie => false
           PHPSESSID => b2be9a6f61071cf7cf52b3edf65f5c30
 
 
Date          : May 28, 2007, 8:17:14 pm
Server        : porfirio.no-ip.org
Error No      : 8
On file       : D:\xampp\htdocs\ResPlace\WebProjects\WebsiteCMS\Source\data\Functions\Module.php
On line       : 78
Error         : Undefined property:  Module::$content2
IP            : 81.193.41.145
Host          : frutaria
Method        : GET
$_REQUEST     :
           MODULE_WithstringD_Cookie => false
           MODULE_Createfunctionmethod_Cookie => false
           PHPSESSID => b2be9a6f61071cf7cf52b3edf65f5c30
 
 
Date          : May 28, 2007, 8:18:50 pm
Server        : porfirio.no-ip.org
Error No      : 8
On file       : D:\xampp\htdocs\ResPlace\WebProjects\WebsiteCMS\Source\data\site.php
On line       : 131
Error         : Undefined index:  developer_mode
IP            : 88.104.132.242
Host          : 88-104-132-242.dynamic.dsl.as9105.com
Method        : GET
$_REQUEST     :
           MODULE_Testingthecreationofamoduleusingthecreatefunctionmethod_CL => block
           MODULE_Menu_CL => block
           MODULE_LastForumPosts_CL => block
           MODULE_ChangeSkin_CL => block
           MODULE_BoxnetFiles_CL => block
           MODULE_Createfunctionmethod_CL => block
           MODULE_Classmethod_CL => block
           MODULE_RatethisPage_CL => block
 
 
Date          : May 28, 2007, 8:18:50 pm
Server        : porfirio.no-ip.org
Error No      : 8
On file       : D:\xampp\htdocs\ResPlace\WebProjects\WebsiteCMS\Source\data\Functions\Module.php
On line       : 78
Error         : Undefined property:  Module::$content2
IP            : 88.104.132.242
Host          : 88-104-132-242.dynamic.dsl.as9105.com
Method        : GET
$_REQUEST     :
           MODULE_Testingthecreationofamoduleusingthecreatefunctionmethod_CL => block
           MODULE_Menu_CL => block
           MODULE_LastForumPosts_CL => block
           MODULE_ChangeSkin_CL => block
           MODULE_BoxnetFiles_CL => block
           MODULE_Createfunctionmethod_CL => block
           MODULE_Classmethod_CL => block
           MODULE_RatethisPage_CL => block
 
 
Date          : May 28, 2007, 8:18:54 pm
Server        : porfirio.no-ip.org
Error No      : 8
On file       : D:\xampp\htdocs\ResPlace\WebProjects\WebsiteCMS\Source\data\Functions\Module.php
On line       : 78
Error         : Undefined property:  Module::$content2
IP            : 81.193.41.145
Host          : frutaria
Method        : GET
$_REQUEST     :
           MODULE_WithstringD_Cookie => false
           MODULE_Createfunctionmethod_Cookie => false
           PHPSESSID => b2be9a6f61071cf7cf52b3edf65f5c30
 
 
Date          : May 28, 2007, 8:19:04 pm
Server        : porfirio.no-ip.org
Error No      : 8
On file       : D:\xampp\htdocs\ResPlace\WebProjects\WebsiteCMS\Source\data\Functions\Module.php
On line       : 78
Error         : Undefined property:  Module::$content2
IP            : 81.193.41.145
Host          : frutaria
Method        : GET
$_REQUEST     :
           MODULE_WithstringD_Cookie => false
           MODULE_Createfunctionmethod_Cookie => false
           PHPSESSID => b2be9a6f61071cf7cf52b3edf65f5c30
 
 
Date          : May 28, 2007, 8:19:14 pm
Server        : porfirio.no-ip.org
Error No      : 8
On file       : D:\xampp\htdocs\ResPlace\WebProjects\WebsiteCMS\Source\data\Functions\Module.php
On line       : 78
Error         : Undefined property:  Module::$content2
IP            : 81.193.41.145
Host          : frutaria
Method        : GET
$_REQUEST     :
           MODULE_WithstringD_Cookie => false
           MODULE_Createfunctionmethod_Cookie => false
           PHPSESSID => b2be9a6f61071cf7cf52b3edf65f5c30
 
 
Date          : May 28, 2007, 8:19:16 pm
Server        : porfirio.no-ip.org
Error No      : 8
On file       : D:\xampp\htdocs\ResPlace\WebProjects\WebsiteCMS\Source\data\Functions\Module.php
On line       : 78
Error         : Undefined property:  Module::$content2
IP            : 88.104.132.242
Host          : 88-104-132-242.dynamic.dsl.as9105.com
Method        : GET
$_REQUEST     :
           showPost => 2
           MODULE_Blog_Cookie => false
           MODULE_Testingthecreationofamoduleusingthecreatefunctionmethod_CL => block
           MODULE_Menu_CL => block
           MODULE_LastForumPosts_CL => block
           MODULE_ChangeSkin_CL => block
           MODULE_BoxnetFiles_CL => block
           MODULE_Createfunctionmethod_CL => block
           MODULE_Classmethod_CL => block
           MODULE_RatethisPage_CL => block
           PHPSESSID => 21987548c2a45a98fceecb525d132932
 
 
Date          : May 28, 2007, 8:19:23 pm
Server        : porfirio.no-ip.org
Error No      : 8
On file       : D:\xampp\htdocs\ResPlace\WebProjects\WebsiteCMS\Source\data\Functions\Module.php
On line       : 78
Error         : Undefined property:  Module::$content2
IP            : 81.193.41.145
Host          : frutaria
Method        : GET
$_REQUEST     :
           MODULE_WithstringD_Cookie => false
           MODULE_Createfunctionmethod_Cookie => false
           PHPSESSID => b2be9a6f61071cf7cf52b3edf65f5c30
 
 
Date          : May 28, 2007, 8:20:51 pm
Server        : porfirio.no-ip.org
Error No      : 8
On file       : D:\xampp\htdocs\ResPlace\WebProjects\WebsiteCMS\Source\data\Functions\Module.php
On line       : 78
Error         : Undefined property:  Module::$content2
IP            : 81.193.41.145
Host          : frutaria
Method        : GET
$_REQUEST     :
           MODULE_WithstringD_Cookie => false
           MODULE_Createfunctionmethod_Cookie => false
           PHPSESSID => b2be9a6f61071cf7cf52b3edf65f5c30
 
 
Date          : May 28, 2007, 8:21:01 pm
Server        : porfirio.no-ip.org
Error No      : 8
On file       : D:\xampp\htdocs\ResPlace\WebProjects\WebsiteCMS\Source\data\Functions\Module.php
On line       : 78
Error         : Undefined property:  Module::$content2
IP            : 81.193.41.145
Host          : frutaria
Method        : GET
$_REQUEST     :
           MODULE_WithstringD_Cookie => false
           MODULE_Createfunctionmethod_Cookie => false
           PHPSESSID => b2be9a6f61071cf7cf52b3edf65f5c30
 
 
Date          : May 28, 2007, 8:21:13 pm
Server        : porfirio.no-ip.org
Error No      : 8
On file       : D:\xampp\htdocs\ResPlace\WebProjects\WebsiteCMS\Source\data\Functions\Module.php
On line       : 78
Error         : Undefined property:  Module::$content2
IP            : 81.193.41.145
Host          : frutaria
Method        : GET
$_REQUEST     :
           MODULE_WithstringD_Cookie => false
           MODULE_Createfunctionmethod_Cookie => false
           PHPSESSID => b2be9a6f61071cf7cf52b3edf65f5c30
 
 
Date          : May 28, 2007, 8:21:23 pm
Server        : porfirio.no-ip.org
Error No      : 8
On file       : D:\xampp\htdocs\ResPlace\WebProjects\WebsiteCMS\Source\data\Functions\Module.php
On line       : 78
Error         : Undefined property:  Module::$content2
IP            : 81.193.41.145
Host          : frutaria
Method        : GET
$_REQUEST     :
           MODULE_WithstringD_Cookie => false
           MODULE_Createfunctionmethod_Cookie => false
           PHPSESSID => b2be9a6f61071cf7cf52b3edf65f5c30
 
 
Date          : May 28, 2007, 8:21:35 pm
Server        : porfirio.no-ip.org
Error No      : 8
On file       : D:\xampp\htdocs\ResPlace\WebProjects\WebsiteCMS\Source\data\Functions\Module.php
On line       : 78
Error         : Undefined property:  Module::$content2
IP            : 81.193.41.145
Host          : frutaria
Method        : GET
$_REQUEST     :
           MODULE_WithstringD_Cookie => false
           MODULE_Createfunctionmethod_Cookie => false
           PHPSESSID => b2be9a6f61071cf7cf52b3edf65f5c30
 
 
